<?xml version="1.0" encoding="UTF-8"?>
<testsuite name="runners.RunnerTaks" tests="0" skipped="0" failures="0" errors="0" timestamp="1970-01-01T00:00:00" hostname="CHBOG6ZC3KL3" time="0.0">
  <properties/>
  <system-out><![CDATA[
?[31mFailed scenarios:?[0m
file:///C:/Users/cgualteros/OneDrive%20-%20Choucair%20Testing/prueba_automatizacion/src/test/resources/features/prueba.feature:19 # Verificar ingreso correcto

1 Scenarios (?[31m1 failed?[0m)
3 Steps (?[31m1 failed?[0m, ?[36m1 skipped?[0m, ?[32m1 passed?[0m)
0m26,649s


org.openqa.selenium.ElementClickInterceptedException: element click intercepted: Element <div class="header-text">...</div> is not clickable at point (168, 701). Other element would receive the click: <div id="fixedban" style="width:100%;margin:auto;text-align:center;float:none;overflow:hidden;display:scroll;position:fixed;bottom:0;z-index:9999999">...</div>
  (Session info: chrome=117.0.5938.132)
Build info: version: '3.141.59', revision: 'e82be7d358', time: '2018-11-14T08:17:03'
System info: host: 'CHBOG6ZC3KL3', ip: '192.168.1.8', os.name: 'Windows 10', os.arch: 'amd64', os.version: '10.0', java.version: '11.0.16.1'
Driver info: org.openqa.selenium.chrome.ChromeDriver
Capabilities {acceptInsecureCerts: false, browserName: chrome, browserVersion: 117.0.5938.132, chrome: {chromedriverVersion: 117.0.5938.92 (67649b10b92b..., userDataDir: C:\Users\CGUALT~1\AppData\L...}, fedcm:accounts: true, goog:chromeOptions: {debuggerAddress: localhost:51083}, javascriptEnabled: true, networkConnectionEnabled: false, pageLoadStrategy: normal, platform: WINDOWS, platformName: WINDOWS, proxy: Proxy(), setWindowRect: true, strictFileInteractability: false, timeouts: {implicit: 0, pageLoad: 300000, script: 30000}, unhandledPromptBehavior: dismiss and notify, webauthn:extension:credBlob: true, webauthn:extension:largeBlob: true, webauthn:extension:minPinLength: true, webauthn:extension:prf: true, webauthn:virtualAuthenticators: true}
Session ID: 359f0c170a7eb5ebdd836568f3029153
	at java.base/jdk.internal.reflect.NativeConstructorAccessorImpl.newInstance0(Native Method)
	at java.base/jdk.internal.reflect.NativeConstructorAccessorImpl.newInstance(NativeConstructorAccessorImpl.java:62)
	at java.base/jdk.internal.reflect.DelegatingConstructorAccessorImpl.newInstance(DelegatingConstructorAccessorImpl.java:45)
	at java.base/java.lang.reflect.Constructor.newInstance(Constructor.java:490)
	at org.openqa.selenium.remote.http.W3CHttpResponseCodec.createException(W3CHttpResponseCodec.java:187)
	at org.openqa.selenium.remote.http.W3CHttpResponseCodec.decode(W3CHttpResponseCodec.java:122)
	at org.openqa.selenium.remote.http.W3CHttpResponseCodec.decode(W3CHttpResponseCodec.java:49)
	at org.openqa.selenium.remote.HttpCommandExecutor.execute(HttpCommandExecutor.java:158)
	at org.openqa.selenium.remote.service.DriverCommandExecutor.execute(DriverCommandExecutor.java:83)
	at org.openqa.selenium.remote.RemoteWebDriver.execute(RemoteWebDriver.java:552)
	at org.openqa.selenium.remote.RemoteWebElement.execute(RemoteWebElement.java:285)
	at org.openqa.selenium.remote.RemoteWebElement.click(RemoteWebElement.java:84)
	at net.serenitybdd.core.pages.WebElementFacadeImpl.click(WebElementFacadeImpl.java:1282)
	at net.serenitybdd.core.pages.WebElementFacadeImpl.click(WebElementFacadeImpl.java:1291)
	at net.serenitybdd.screenplay.actions.ClickOnTarget.performAs(ClickOnTarget.java:13)
	at net.serenitybdd.screenplay.actions.ClickOnTarget$ByteBuddy$a9QQE4d4.performAs$accessor$Cng3nghu(Unknown Source)
	at java.base/jdk.internal.reflect.NativeMethodAccessorImpl.invoke0(Native Method)
	at java.base/jdk.internal.reflect.NativeMethodAccessorImpl.invoke(NativeMethodAccessorImpl.java:62)
	at java.base/jdk.internal.reflect.DelegatingMethodAccessorImpl.invoke(DelegatingMethodAccessorImpl.java:43)
	at java.base/java.lang.reflect.Method.invoke(Method.java:566)
	at net.thucydides.core.steps.StepInterceptor.invokeMethod(StepInterceptor.java:504)
	at net.thucydides.core.steps.StepInterceptor.executeTestStepMethod(StepInterceptor.java:484)
	at net.thucydides.core.steps.StepInterceptor.runTestStep(StepInterceptor.java:458)
	at net.thucydides.core.steps.StepInterceptor.runOrSkipMethod(StepInterceptor.java:210)
	at net.thucydides.core.steps.StepInterceptor.testStepResult(StepInterceptor.java:197)
	at net.thucydides.core.steps.StepInterceptor.intercept(StepInterceptor.java:85)
	at net.thucydides.core.steps.ProxyConfiguration$InterceptorDispatcher.intercept(ProxyConfiguration.java:51)
	at net.serenitybdd.screenplay.actions.ClickOnTarget$ByteBuddy$a9QQE4d4.performAs(Unknown Source)
	at net.serenitybdd.screenplay.Actor.performTask(Actor.java:248)
	at net.serenitybdd.screenplay.Actor.perform(Actor.java:229)
	at net.serenitybdd.screenplay.Actor.attemptsTo(Actor.java:175)
	at co.com.choucair.certificacion.retoautomatizacion.tasks.Login.performAs(Login.java:35)
	at co.com.choucair.certificacion.retoautomatizacion.tasks.Login$ByteBuddy$F8FLOEkZ.performAs$accessor$lmcldVzd(Unknown Source)
	at java.base/jdk.internal.reflect.NativeMethodAccessorImpl.invoke0(Native Method)
	at java.base/jdk.internal.reflect.NativeMethodAccessorImpl.invoke(NativeMethodAccessorImpl.java:62)
	at java.base/jdk.internal.reflect.DelegatingMethodAccessorImpl.invoke(DelegatingMethodAccessorImpl.java:43)
	at java.base/java.lang.reflect.Method.invoke(Method.java:566)
	at net.thucydides.core.steps.StepInterceptor.invokeMethod(StepInterceptor.java:504)
	at net.thucydides.core.steps.StepInterceptor.executeTestStepMethod(StepInterceptor.java:484)
	at net.thucydides.core.steps.StepInterceptor.runTestStep(StepInterceptor.java:458)
	at net.thucydides.core.steps.StepInterceptor.runOrSkipMethod(StepInterceptor.java:210)
	at net.thucydides.core.steps.StepInterceptor.testStepResult(StepInterceptor.java:197)
	at net.thucydides.core.steps.StepInterceptor.intercept(StepInterceptor.java:85)
	at net.thucydides.core.steps.ProxyConfiguration$InterceptorDispatcher.intercept(ProxyConfiguration.java:51)
	at co.com.choucair.certificacion.retoautomatizacion.tasks.Login$ByteBuddy$F8FLOEkZ.performAs(Unknown Source)
	at net.serenitybdd.screenplay.Actor.performTask(Actor.java:248)
	at net.serenitybdd.screenplay.Actor.perform(Actor.java:229)
	at net.serenitybdd.screenplay.Actor.attemptsTo(Actor.java:175)
	at stepdefinitions.MyDefinitions.cristianBaAlModuloDeLoginYDigitaSusCredenciales(MyDefinitions.java:68)
	at ?.Cristian ba al modulo de login Y digita sus credenciales(file:///C:/Users/cgualteros/OneDrive%20-%20Choucair%20Testing/prueba_automatizacion/src/test/resources/features/prueba.feature:12)


]]></system-out>
  <system-err><![CDATA[]]></system-err>
</testsuite>
